C:\Users\37529\Desktop\ДИПЛОМ\э3_Система_автозапуска_бензинового_двигателя_2.dwg,Модель,06.04.2021 18:13:39,37529,AutoCAD PDF (High Quality Print).pc3,ISO без полей A1 (841.00 x 594.00 мм),1:1,
C:\Users\37529\Desktop\ДИПЛОМ\Чертеж ПП система автозапуска.dwg,Модель,06.04.2021 18:15:45,37529,AutoCAD PDF (High Quality Print).pc3,ISO без полей A1 (841.00 x 594.00 мм),1:1,
C:\Users\37529\Desktop\ДИПЛОМ\сборочный система автозапуска бензинового двигателя.dwg,Модель,06.04.2021 18:17:30,37529,AutoCAD PDF (General Documentation).pc3,ISO без полей A1 (841.00 x 594.00 мм),1:1,
C:\Users\37529\Desktop\ДИПЛОМ\структрная.dwg,Модель,06.04.2021 18:22:26,37529,AutoCAD PDF (General Documentation).pc3,ISO A1 (841.00 x 594.00 мм),1:1.06071,
C:\Users\37529\Desktop\ДИПЛОМ\ПЕРЕЧЕНЬ.dwg,Модель,07.04.2021 13:42:37,37529,HP LaserJet 1020,A4,1:1.05579,
C:\Users\37529\Desktop\ДИПЛОМ\ПЕРЕЧЕНЬ.dwg,Модель,07.04.2021 13:43:36,37529,HP LaserJet 1020,A4,1:1.05579,
C:\Users\37529\Desktop\ДИПЛОМ\ПЕРЕЧЕНЬ.dwg,Модель,07.04.2021 13:44:06,37529,HP LaserJet 1020,A4,1:1.05579,
C:\Users\37529\Desktop\ДИПЛОМ\ПЕРЕЧЕНЬ_recover.dwg,Модель,20.04.2021 19:35:09,37529,Fax,A4,1:1.03089,
C:\Users\37529\Desktop\ДИПЛОМ\ПЕРЕЧЕНЬ_recover.dwg,Модель,20.04.2021 19:35:29,37529,HP LaserJet 1020,A4,1:1.05579,
C:\Users\37529\Desktop\ДИПЛОМ\ПЕРЕЧЕНЬ_recover.dwg,Модель,20.04.2021 19:36:00,37529,HP LaserJet 1020,A4,1:1.05579,
C:\Users\37529\Desktop\ДИПЛОМ\структрная.dwg,Модель,20.04.2021 23:12:44,37529,AutoCAD PDF (General Documentation).pc3,ISO A1 (841.00 x 594.00 мм),1:1.06071,
C:\Users\37529\Downloads\Telegram Desktop\сборочный_система_автозапуска_бензинового_двигателя.dwg,Модель,20.04.2021 23:13:39,37529,AutoCAD PDF (General Documentation).pc3,ISO без полей A1 (841.00 x 594.00 мм),1:1,
C:\Users\37529\Downloads\Telegram Desktop\Чертеж ПП система автозапуска.dwg,Модель,20.04.2021 23:14:16,37529,AutoCAD PDF (High Quality Print).pc3,ISO без полей A1 (841.00 x 594.00 мм),1:1,
C:\Users\37529\Desktop\ДИПЛОМ\АлгоритмМК.dwg,Модель,20.04.2021 23:16:51,37529,HP LaserJet 1020,A4,1:1.59182,
C:\Users\37529\Desktop\ДИПЛОМ\структрная.dwg,Модель,21.04.2021 19:23:20,37529,AutoCAD PDF (General Documentation).pc3,ISO A1 (841.00 x 594.00 мм),1:1.06071,
C:\Users\37529\Desktop\ДИПЛОМ\э3_Система_автозапуска_бензинового_двигателя_2.dwg,Модель,21.04.2021 19:25:06,37529,AutoCAD PDF (High Quality Print).pc3,ISO без полей A1 (841.00 x 594.00 мм),1:1,
C:\Users\37529\Desktop\ДИПЛОМ\сборочный_система_автозапуска_бензинового_двигателя.dwg,Модель,21.04.2021 19:33:46,37529,AutoCAD PDF (General Documentation).pc3,ISO без полей A1 (841.00 x 594.00 мм),1:1,
C:\Users\37529\Desktop\ДИПЛОМ\Чертеж ПП система автозапуска.dwg,Модель,21.04.2021 20:09:51,37529,AutoCAD PDF (High Quality Print).pc3,ISO без полей A1 (841.00 x 594.00 мм),1:1,
C:\Users\37529\Desktop\ДИПЛОМ\Чертеж ПП система автозапуска.dwg,Модель,21.04.2021 20:24:13,37529,AutoCAD PDF (High Quality Print).pc3,ISO без полей A1 (841.00 x 594.00 мм),1:1,
C:\Users\37529\Desktop\ДИПЛОМ\сборочный_система_автозапуска_бензинового_двигателя.dwg,Модель,21.04.2021 20:24:53,37529,AutoCAD PDF (General Documentation).pc3,ISO без полей A1 (841.00 x 594.00 мм),1:1,
C:\Users\37529\Desktop\ДИПЛОМ\Спецификация диплом.dwg,Модель,29.04.2021 11:02:24,37529,HP LaserJet 1020,A4,1:1.05579,
C:\Users\37529\Desktop\ДИПЛОМ\Спецификация диплом.dwg,Модель,29.04.2021 11:02:43,37529,HP LaserJet 1020,A4,1:1.05579,
C:\Users\37529\Desktop\ДИПЛОМ\Спецификация диплом.dwg,Модель,29.04.2021 11:03:09,37529,HP LaserJet 1020,A4,1:1.05579,
C:\Users\37529\Desktop\ДИПЛОМ\Спецификация диплом.dwg,Модель,29.04.2021 11:03:33,37529,HP LaserJet 1020,A4,1:1.05579,
C:\Users\37529\Desktop\ДИПЛОМ\Спецификация диплом.dwg,Модель,29.04.2021 11:04:05,37529,HP LaserJet 1020,A4,1:1.05579,
C:\Users\37529\Desktop\ДИПЛОМ\Спецификация диплом.dwg,Модель,29.04.2021 11:04:44,37529,HP LaserJet 1020,A4,1:1.05579,
C:\Users\37529\Desktop\ДИПЛОМ\Спецификация диплом.dwg,Модель,29.04.2021 11:05:16,37529,HP LaserJet 1020,A4,1:1.05579,
C:\Users\37529\Desktop\ДИПЛОМ\ПЕРЕЧЕНЬ_recover.dwg,Модель,29.04.2021 11:06:29,37529,HP LaserJet 1020,A4,1:1.05579,
C:\Users\37529\Desktop\ДИПЛОМ\ПЕРЕЧЕНЬ_recover.dwg,Модель,29.04.2021 11:06:45,37529,HP LaserJet 1020,A4,1:1.05579,
C:\Users\37529\Desktop\ДИПЛОМ\Спецификация диплом.dwg,Модель,30.04.2021 10:11:49,37529,HP LaserJet 1020,A4,1:1.05579,
C:\Users\37529\Desktop\ДИПЛОМ\Спецификация диплом.dwg,Модель,30.04.2021 10:12:21,37529,HP LaserJet 1020,A4,1:1.05579,
C:\Users\37529\Desktop\ДИПЛОМ\Спецификация диплом.dwg,Модель,30.04.2021 10:12:33,37529,HP LaserJet 1020,A4,1:1.05579,
C:\Users\37529\Desktop\ДИПЛОМ\структрная.dwg,Модель,30.04.2021 10:23:42,37529,AutoCAD PDF (General Documentation).pc3,ISO A1 (841.00 x 594.00 мм),1:1.06071,
